This is XeTeX, Version 3.14159265-2.6-0.999991 (TeX Live 2019/Arch Linux) (preloaded format=xelatex 2019.7.29)  30 JUL 2019 21:26
entering extended mode
 restricted \write18 enabled.
 %&-line parsing enabled.
**hklesson1.tex
(./hklesson1.tex
LaTeX2e <2018-12-01>
(/usr/share/texmf-dist/tex/latex/base/report.cls
Document Class: report 2018/09/03 v1.4i Standard LaTeX document class
(/usr/share/texmf-dist/tex/latex/base/size10.clo
File: size10.clo 2018/09/03 v1.4i Standard LaTeX file (size option)
)
\c@part=\count80
\c@chapter=\count81
\c@section=\count82
\c@subsection=\count83
\c@subsubsection=\count84
\c@paragraph=\count85
\c@subparagraph=\count86
\c@figure=\count87
\c@table=\count88
\abovecaptionskip=\skip41
\belowcaptionskip=\skip42
\bibindent=\dimen102
)
(/usr/share/texmf-dist/tex/latex/fontspec/fontspec.sty
(/usr/share/texmf-dist/tex/latex/l3packages/xparse/xparse.sty
(/usr/share/texmf-dist/tex/latex/l3kernel/expl3.sty
Package: expl3 2019-04-06 L3 programming layer (loader) 

(/usr/share/texmf-dist/tex/latex/l3kernel/expl3-code.tex
Package: expl3 2019-04-06 L3 programming layer (code)
\c_max_int=\count89
\l_tmpa_int=\count90
\l_tmpb_int=\count91
\g_tmpa_int=\count92
\g_tmpb_int=\count93
\g__kernel_prg_map_int=\count94
\c__ior_term_ior=\count95
\c_log_iow=\count96
\l_iow_line_count_int=\count97
\l__iow_line_target_int=\count98
\l__iow_one_indent_int=\count99
\l__iow_indent_int=\count100
\c_zero_dim=\dimen103
\c_max_dim=\dimen104
\l_tmpa_dim=\dimen105
\l_tmpb_dim=\dimen106
\g_tmpa_dim=\dimen107
\g_tmpb_dim=\dimen108
\c_zero_skip=\skip43
\c_max_skip=\skip44
\l_tmpa_skip=\skip45
\l_tmpb_skip=\skip46
\g_tmpa_skip=\skip47
\g_tmpb_skip=\skip48
\c_zero_muskip=\muskip10
\c_max_muskip=\muskip11
\l_tmpa_muskip=\muskip12
\l_tmpb_muskip=\muskip13
\g_tmpa_muskip=\muskip14
\g_tmpb_muskip=\muskip15
\l_keys_choice_int=\count101
\l__intarray_loop_int=\count102
\c__intarray_sp_dim=\dimen109
\g__intarray_font_int=\count103
\c__fp_leading_shift_int=\count104
\c__fp_middle_shift_int=\count105
\c__fp_trailing_shift_int=\count106
\c__fp_big_leading_shift_int=\count107
\c__fp_big_middle_shift_int=\count108
\c__fp_big_trailing_shift_int=\count109
\c__fp_Bigg_leading_shift_int=\count110
\c__fp_Bigg_middle_shift_int=\count111
\c__fp_Bigg_trailing_shift_int=\count112
\g__fp_array_int=\count113
\l__fp_array_loop_int=\count114
\l__sort_length_int=\count115
\l__sort_min_int=\count116
\l__sort_top_int=\count117
\l__sort_max_int=\count118
\l__sort_true_max_int=\count119
\l__sort_block_int=\count120
\l__sort_begin_int=\count121
\l__sort_end_int=\count122
\l__sort_A_int=\count123
\l__sort_B_int=\count124
\l__sort_C_int=\count125
\l__tl_analysis_normal_int=\count126
\l__tl_analysis_index_int=\count127
\l__tl_analysis_nesting_int=\count128
\l__tl_analysis_type_int=\count129
\l__regex_internal_a_int=\count130
\l__regex_internal_b_int=\count131
\l__regex_internal_c_int=\count132
\l__regex_balance_int=\count133
\l__regex_group_level_int=\count134
\l__regex_mode_int=\count135
\c__regex_cs_in_class_mode_int=\count136
\c__regex_cs_mode_int=\count137
\l__regex_catcodes_int=\count138
\l__regex_default_catcodes_int=\count139
\c__regex_catcode_L_int=\count140
\c__regex_catcode_O_int=\count141
\c__regex_catcode_A_int=\count142
\c__regex_all_catcodes_int=\count143
\l__regex_show_lines_int=\count144
\l__regex_min_state_int=\count145
\l__regex_max_state_int=\count146
\l__regex_left_state_int=\count147
\l__regex_right_state_int=\count148
\l__regex_capturing_group_int=\count149
\l__regex_min_pos_int=\count150
\l__regex_max_pos_int=\count151
\l__regex_curr_pos_int=\count152
\l__regex_start_pos_int=\count153
\l__regex_success_pos_int=\count154
\l__regex_curr_char_int=\count155
\l__regex_curr_catcode_int=\count156
\l__regex_last_char_int=\count157
\l__regex_case_changed_char_int=\count158
\l__regex_curr_state_int=\count159
\l__regex_step_int=\count160
\l__regex_min_active_int=\count161
\l__regex_max_active_int=\count162
\l__regex_replacement_csnames_int=\count163
\l__regex_match_count_int=\count164
\l__regex_min_submatch_int=\count165
\l__regex_submatch_int=\count166
\l__regex_zeroth_submatch_int=\count167
\g__regex_trace_regex_int=\count168
\c_empty_box=\box27
\l_tmpa_box=\box28
\l_tmpb_box=\box29
\g_tmpa_box=\box30
\g_tmpb_box=\box31
\l__box_top_dim=\dimen110
\l__box_bottom_dim=\dimen111
\l__box_left_dim=\dimen112
\l__box_right_dim=\dimen113
\l__box_top_new_dim=\dimen114
\l__box_bottom_new_dim=\dimen115
\l__box_left_new_dim=\dimen116
\l__box_right_new_dim=\dimen117
\l__box_internal_box=\box32
\l__coffin_internal_box=\box33
\l__coffin_internal_dim=\dimen118
\l__coffin_offset_x_dim=\dimen119
\l__coffin_offset_y_dim=\dimen120
\l__coffin_x_dim=\dimen121
\l__coffin_y_dim=\dimen122
\l__coffin_x_prime_dim=\dimen123
\l__coffin_y_prime_dim=\dimen124
\c_empty_coffin=\box34
\l__coffin_aligned_coffin=\box35
\l__coffin_aligned_internal_coffin=\box36
\l_tmpa_coffin=\box37
\l_tmpb_coffin=\box38
\g_tmpa_coffin=\box39
\g_tmpb_coffin=\box40
\l__coffin_bounding_shift_dim=\dimen125
\l__coffin_left_corner_dim=\dimen126
\l__coffin_right_corner_dim=\dimen127
\l__coffin_bottom_corner_dim=\dimen128
\l__coffin_top_corner_dim=\dimen129
\l__coffin_scaled_total_height_dim=\dimen130
\l__coffin_scaled_width_dim=\dimen131
\c__coffin_empty_coffin=\box41
\l__coffin_display_coffin=\box42
\l__coffin_display_coord_coffin=\box43
\l__coffin_display_pole_coffin=\box44
\l__coffin_display_offset_dim=\dimen132
\l__coffin_display_x_dim=\dimen133
\l__coffin_display_y_dim=\dimen134
\g__file_internal_ior=\read1
\l__seq_internal_a_int=\count169
\l__seq_internal_b_int=\count170
\c__deprecation_minus_one=\count171
)
(/usr/share/texmf-dist/tex/latex/l3kernel/l3xdvipdfmx.def
File: l3xdvipdfmx.def 2019-04-06 v L3 Experimental driver: xdvipdfmx
\g__driver_image_int=\count172
\g__driver_pdf_object_int=\count173
))
Package: xparse 2019-03-05 L3 Experimental document command parser
\l__xparse_current_arg_int=\count174
\g__xparse_grabber_int=\count175
\l__xparse_m_args_int=\count176
\l__xparse_v_nesting_int=\count177
)
Package: fontspec 2019/03/15 v2.7c Font selection for XeLaTeX and LuaLaTeX

(/usr/share/texmf-dist/tex/latex/fontspec/fontspec-xetex.sty
Package: fontspec-xetex 2019/03/15 v2.7c Font selection for XeLaTeX and LuaLaTe
X
\l__fontspec_script_int=\count178
\l__fontspec_language_int=\count179
\l__fontspec_strnum_int=\count180
\l__fontspec_tmp_int=\count181
\l__fontspec_tmpa_int=\count182
\l__fontspec_tmpb_int=\count183
\l__fontspec_tmpc_int=\count184
\l__fontspec_em_int=\count185
\l__fontspec_emdef_int=\count186
\l__fontspec_strong_int=\count187
\l__fontspec_strongdef_int=\count188
\l__fontspec_tmpa_dim=\dimen135
\l__fontspec_tmpb_dim=\dimen136
\l__fontspec_tmpc_dim=\dimen137

(/usr/share/texmf-dist/tex/latex/base/fontenc.sty
Package: fontenc 2018/08/11 v2.0j Standard LaTeX package

(/usr/share/texmf-dist/tex/latex/base/tuenc.def
File: tuenc.def 2018/08/11 v2.0j Standard LaTeX file
LaTeX Font Info:    Redeclaring font encoding TU on input line 82.
))
(/usr/share/texmf-dist/tex/latex/fontspec/fontspec.cfg)
LaTeX Info: Redefining \itshape on input line 4051.
LaTeX Info: Redefining \slshape on input line 4056.
LaTeX Info: Redefining \scshape on input line 4061.
LaTeX Info: Redefining \upshape on input line 4066.
LaTeX Info: Redefining \em on input line 4096.
LaTeX Info: Redefining \emph on input line 4121.
))
(/usr/share/texmf-dist/tex/xelatex/xecjk/xeCJK.sty
Package: xeCJK 2019/04/07 v3.7.2 Typesetting CJK scripts with XeLaTeX

(/usr/share/texmf-dist/tex/latex/l3packages/xtemplate/xtemplate.sty
Package: xtemplate 2019-03-05 L3 Experimental prototype document functions
\l__xtemplate_tmp_dim=\dimen138
\l__xtemplate_tmp_int=\count189
\l__xtemplate_tmp_muskip=\muskip16
\l__xtemplate_tmp_skip=\skip49
)
(/usr/share/texmf-dist/tex/latex/l3packages/l3keys2e/l3keys2e.sty
Package: l3keys2e 2019-03-05 LaTeX2e option processing using LaTeX3 keys
)
\l__xeCJK_tmp_int=\count190
\l__xeCJK_tmp_box=\box45
\l__xeCJK_tmp_dim=\dimen139
\l__xeCJK_tmp_skip=\skip50
\g__xeCJK_space_factor_int=\count191
\l__xeCJK_begin_int=\count192
\l__xeCJK_end_int=\count193
\c__xeCJK_CJK_class_int=\XeTeXcharclass1
\c__xeCJK_FullLeft_class_int=\XeTeXcharclass2
\c__xeCJK_FullRight_class_int=\XeTeXcharclass3
\c__xeCJK_HalfLeft_class_int=\XeTeXcharclass4
\c__xeCJK_HalfRight_class_int=\XeTeXcharclass5
\c__xeCJK_NormalSpace_class_int=\XeTeXcharclass6
\c__xeCJK_CM_class_int=\XeTeXcharclass7
\c__xeCJK_HangulJamo_class_int=\XeTeXcharclass8
\l__xeCJK_last_skip=\skip51
\g__xeCJK_node_int=\count194
\c__xeCJK_CJK_node_dim=\dimen140
\c__xeCJK_CJK-space_node_dim=\dimen141
\c__xeCJK_default_node_dim=\dimen142
\c__xeCJK_default-space_node_dim=\dimen143
\c__xeCJK_CJK-widow_node_dim=\dimen144
\c__xeCJK_normalspace_node_dim=\dimen145
\l__xeCJK_ccglue_skip=\skip52
\l__xeCJK_ecglue_skip=\skip53
\l__xeCJK_punct_kern_skip=\skip54
\l__xeCJK_last_penalty_int=\count195
\l__xeCJK_last_bound_dim=\dimen146
\l__xeCJK_last_kern_dim=\dimen147
\l__xeCJK_widow_penalty_int=\count196

Package xtemplate Info: Declaring object type 'xeCJK/punctuation' taking 0
(xtemplate)             argument(s) on line 2352.

\l__xeCJK_fixed_punct_width_dim=\dimen148
\l__xeCJK_mixed_punct_width_dim=\dimen149
\l__xeCJK_middle_punct_width_dim=\dimen150
\l__xeCJK_fixed_margin_width_dim=\dimen151
\l__xeCJK_mixed_margin_width_dim=\dimen152
\l__xeCJK_middle_margin_width_dim=\dimen153
\l__xeCJK_bound_punct_width_dim=\dimen154
\l__xeCJK_bound_margin_width_dim=\dimen155
\l__xeCJK_margin_minimum_dim=\dimen156
\l__xeCJK_kerning_total_width_dim=\dimen157
\l__xeCJK_same_align_margin_dim=\dimen158
\l__xeCJK_different_align_margin_dim=\dimen159
\l__xeCJK_kerning_margin_width_dim=\dimen160
\l__xeCJK_kerning_margin_minimum_dim=\dimen161
\l__xeCJK_bound_dim=\dimen162
\l__xeCJK_reverse_bound_dim=\dimen163
\l__xeCJK_minimum_bound_dim=\dimen164
\l__xeCJK_kerning_margin_dim=\dimen165
\l__xeCJK_original_margin_dim=\dimen166
\g__xeCJK_family_int=\count197
\l__xeCJK_fam_int=\count198
\g__xeCJK_fam_allocation_int=\count199
\l__xeCJK_verb_case_int=\count266
\l__xeCJK_verb_exspace_skip=\skip55

(/usr/share/texmf-dist/tex/xelatex/xecjk/xeCJK.cfg
File: xeCJK.cfg 2019/04/07 v3.7.2 Configuration file for xeCJK package
))
(/usr/share/texmf-dist/tex/latex/oberdiek/bookmark.sty
Package: bookmark 2016/05/17 v1.26 PDF bookmarks (HO)

(/usr/share/texmf-dist/tex/generic/oberdiek/pdfescape.sty
Package: pdfescape 2016/05/16 v1.14 Implements pdfTeX's escape features (HO)

(/usr/share/texmf-dist/tex/generic/oberdiek/ltxcmds.sty
Package: ltxcmds 2016/05/16 v1.23 LaTeX kernel commands for general use (HO)
)
(/usr/share/texmf-dist/tex/generic/oberdiek/pdftexcmds.sty
Package: pdftexcmds 2018/09/10 v0.29 Utility functions of pdfTeX for LuaTeX (HO
)

(/usr/share/texmf-dist/tex/generic/oberdiek/infwarerr.sty
Package: infwarerr 2016/05/16 v1.4 Providing info/warning/error messages (HO)
)
(/usr/share/texmf-dist/tex/generic/oberdiek/ifluatex.sty
Package: ifluatex 2016/05/16 v1.4 Provides the ifluatex switch (HO)
Package ifluatex Info: LuaTeX not detected.
)
(/usr/share/texmf-dist/tex/generic/oberdiek/ifpdf.sty
Package: ifpdf 2018/09/07 v3.3 Provides the ifpdf switch
)
Package pdftexcmds Info: LuaTeX not detected.
Package pdftexcmds Info: pdfTeX >= 1.30 not detected.
Package pdftexcmds Info: \pdf@primitive is available.
Package pdftexcmds Info: \pdf@ifprimitive is available.
Package pdftexcmds Info: \pdfdraftmode not found.
))
(/usr/share/texmf-dist/tex/generic/ifxetex/ifxetex.sty
Package: ifxetex 2010/09/12 v0.6 Provides ifxetex conditional
)
(/usr/share/texmf-dist/tex/generic/oberdiek/ifvtex.sty
Package: ifvtex 2016/05/16 v1.6 Detect VTeX and its facilities (HO)
Package ifvtex Info: VTeX not detected.
)
(/usr/share/texmf-dist/tex/latex/hyperref/hyperref.sty
Package: hyperref 2018/11/30 v6.88e Hypertext links for LaTeX

(/usr/share/texmf-dist/tex/generic/oberdiek/hobsub-hyperref.sty
Package: hobsub-hyperref 2016/05/16 v1.14 Bundle oberdiek, subset hyperref (HO)


(/usr/share/texmf-dist/tex/generic/oberdiek/hobsub-generic.sty
Package: hobsub-generic 2016/05/16 v1.14 Bundle oberdiek, subset generic (HO)
Package: hobsub 2016/05/16 v1.14 Construct package bundles (HO)
Package hobsub Info: Skipping package `infwarerr' (already loaded).
Package hobsub Info: Skipping package `ltxcmds' (already loaded).
Package hobsub Info: Skipping package `ifluatex' (already loaded).
Package hobsub Info: Skipping package `ifvtex' (already loaded).
Package: intcalc 2016/05/16 v1.2 Expandable calculations with integers (HO)
Package hobsub Info: Skipping package `ifpdf' (already loaded).
Package: etexcmds 2016/05/16 v1.6 Avoid name clashes with e-TeX commands (HO)
Package: kvsetkeys 2016/05/16 v1.17 Key value parser (HO)
Package: kvdefinekeys 2016/05/16 v1.4 Define keys (HO)
Package hobsub Info: Skipping package `pdftexcmds' (already loaded).
Package hobsub Info: Skipping package `pdfescape' (already loaded).
Package: bigintcalc 2016/05/16 v1.4 Expandable calculations on big integers (HO
)
Package: bitset 2016/05/16 v1.2 Handle bit-vector datatype (HO)
Package: uniquecounter 2016/05/16 v1.3 Provide unlimited unique counter (HO)
)
Package hobsub Info: Skipping package `hobsub' (already loaded).
Package: letltxmacro 2016/05/16 v1.5 Let assignment for LaTeX macros (HO)
Package: hopatch 2016/05/16 v1.3 Wrapper for package hooks (HO)
Package: xcolor-patch 2016/05/16 xcolor patch
Package: atveryend 2016/05/16 v1.9 Hooks at the very end of document (HO)
Package atveryend Info: \enddocument detected (standard20110627).
Package: atbegshi 2016/06/09 v1.18 At begin shipout hook (HO)
Package: refcount 2016/05/16 v3.5 Data extraction from label references (HO)
Package: hycolor 2016/05/16 v1.8 Color options for hyperref/bookmark (HO)
)
(/usr/share/texmf-dist/tex/latex/graphics/keyval.sty
Package: keyval 2014/10/28 v1.15 key=value parser (DPC)
\KV@toks@=\toks14
)
(/usr/share/texmf-dist/tex/latex/oberdiek/auxhook.sty
Package: auxhook 2016/05/16 v1.4 Hooks for auxiliary files (HO)
)
(/usr/share/texmf-dist/tex/latex/oberdiek/kvoptions.sty
Package: kvoptions 2016/05/16 v3.12 Key value format for package options (HO)
)
\@linkdim=\dimen167
\Hy@linkcounter=\count267
\Hy@pagecounter=\count268

(/usr/share/texmf-dist/tex/latex/hyperref/pd1enc.def
File: pd1enc.def 2018/11/30 v6.88e Hyperref: PDFDocEncoding definition (HO)
)
\Hy@SavedSpaceFactor=\count269

(/usr/share/texmf-dist/tex/latex/latexconfig/hyperref.cfg
File: hyperref.cfg 2002/06/06 v1.2 hyperref configuration of TeXLive
)
Package hyperref Info: Hyper figures OFF on input line 4519.
Package hyperref Info: Link nesting OFF on input line 4524.
Package hyperref Info: Hyper index ON on input line 4527.
Package hyperref Info: Plain pages OFF on input line 4534.
Package hyperref Info: Backreferencing OFF on input line 4539.
Package hyperref Info: Implicit mode ON; LaTeX internals redefined.
Package hyperref Info: Bookmarks ON on input line 4772.
\c@Hy@tempcnt=\count270

(/usr/share/texmf-dist/tex/latex/url/url.sty
\Urlmuskip=\muskip17
Package: url 2013/09/16  ver 3.4  Verb mode for urls, etc.
)
LaTeX Info: Redefining \url on input line 5125.
\XeTeXLinkMargin=\dimen168
\Fld@menulength=\count271
\Field@Width=\dimen169
\Fld@charsize=\dimen170
Package hyperref Info: Hyper figures OFF on input line 6380.
Package hyperref Info: Link nesting OFF on input line 6385.
Package hyperref Info: Hyper index ON on input line 6388.
Package hyperref Info: backreferencing OFF on input line 6395.
Package hyperref Info: Link coloring OFF on input line 6400.
Package hyperref Info: Link coloring with OCG OFF on input line 6405.
Package hyperref Info: PDF/A mode OFF on input line 6410.
LaTeX Info: Redefining \ref on input line 6450.
LaTeX Info: Redefining \pageref on input line 6454.
\Hy@abspage=\count272
\c@Item=\count273
\c@Hfootnote=\count274
)
Package hyperref Info: Driver (autodetected): hxetex.

(/usr/share/texmf-dist/tex/latex/hyperref/hxetex.def
File: hxetex.def 2018/11/30 v6.88e Hyperref driver for XeTeX

(/usr/share/texmf-dist/tex/latex/hyperref/puenc.def
File: puenc.def 2018/11/30 v6.88e Hyperref: PDF Unicode definition (HO)
)
(/usr/share/texmf-dist/tex/generic/oberdiek/stringenc.sty
Package: stringenc 2016/05/16 v1.11 Convert strings between diff. encodings (HO
)
)
\pdfm@box=\box46
\c@Hy@AnnotLevel=\count275
\HyField@AnnotCount=\count276
\Fld@listcount=\count277
\c@bookmark@seq@number=\count278

(/usr/share/texmf-dist/tex/latex/oberdiek/rerunfilecheck.sty
Package: rerunfilecheck 2016/05/16 v1.8 Rerun checks for auxiliary files (HO)
Package uniquecounter Info: New unique counter `rerunfilecheck' on input line 2
82.
)
\Hy@SectionHShift=\skip56
)
(/usr/share/texmf-dist/tex/latex/oberdiek/bkm-dvipdfm.def
File: bkm-dvipdfm.def 2016/05/17 v1.26 bookmark driver for dvipdfm (HO)
\BKM@id=\count279
))
Package hyperref Info: Option `colorlinks' set `true' on input line 15.

(/usr/share/texmf-dist/tex/generic/oberdiek/se-ascii-print.def
File: se-ascii-print.def 2016/05/16 v1.11 stringenc: Printable ASCII characters

)

Package hyperref Warning: Option `bookmarks' has already been used,
(hyperref)                setting the option has no effect on input line 15.

(/usr/share/texmf-dist/tex/latex/float/float.sty
Package: float 2001/11/08 v1.3d Float enhancements (AL)
\c@float@type=\count280
\float@exts=\toks15
\float@box=\box47
\@float@everytoks=\toks16
\@floatcapt=\box48
)
(/usr/share/texmf-dist/tex/latex/graphics/graphicx.sty
Package: graphicx 2017/06/01 v1.1a Enhanced LaTeX Graphics (DPC,SPQR)

(/usr/share/texmf-dist/tex/latex/graphics/graphics.sty
Package: graphics 2017/06/25 v1.2c Standard LaTeX Graphics (DPC,SPQR)

(/usr/share/texmf-dist/tex/latex/graphics/trig.sty
Package: trig 2016/01/03 v1.10 sin cos tan (DPC)
)
(/usr/share/texmf-dist/tex/latex/graphics-cfg/graphics.cfg
File: graphics.cfg 2016/06/04 v1.11 sample graphics configuration
)
Package graphics Info: Driver file: xetex.def on input line 99.

(/usr/share/texmf-dist/tex/latex/graphics-def/xetex.def
File: xetex.def 2017/06/24 v5.0h Graphics/color driver for xetex
))
\Gin@req@height=\dimen171
\Gin@req@width=\dimen172
)
(/usr/share/texmf-dist/tex/latex/caption/caption2.sty
Package: caption2 2015/09/15 v2.2-100 Customising captions (AR)


Package caption2 Warning: ****************************************************
(caption2)                THIS PACKAGE IS OBSOLETE:
(caption2)                This package attempts to provide an `caption2'
(caption2)                package v2.0/2.1 author environment so that OLD
(caption2)                documents can be successfully processed. It should
(caption2)                NOT be used for NEW documents! New documents should
(caption2)                use the regular `caption' package v3.x instead.
(caption2)                ****************************************************

(/usr/share/texmf-dist/tex/latex/caption/caption3.sty
Package: caption3 2018/09/12 v1.8c caption3 kernel (AR)
Package caption3 Info: TeX engine: e-TeX on input line 64.
\captionmargin=\dimen173
\captionmargin@=\dimen174
\captionwidth=\dimen175
\caption@tempdima=\dimen176
\caption@indent=\dimen177
\caption@parindent=\dimen178
\caption@hangindent=\dimen179
)
Package caption2 Info: Running in caption2 v2.0 compatibility mode on input lin
e 218.
\captionlinewidth=\dimen180
\realcaptionwidth=\dimen181
Package caption2 Info: float package v1.2 (or newer) detected on input line 327
.
)
(/usr/share/texmf-dist/tex/latex/csquotes/csquotes.sty
Package: csquotes 2018/04/13 v5.2d context-sensitive quotations (JAW)

(/usr/share/texmf-dist/tex/latex/etoolbox/etoolbox.sty
Package: etoolbox 2018/08/19 v2.5f e-TeX tools for LaTeX (JAW)
\etb@tempcnta=\count281
)
\csq@reset=\count282
\csq@gtype=\count283
\csq@glevel=\count284
\csq@qlevel=\count285
\csq@maxlvl=\count286
\csq@tshold=\count287
\csq@ltx@everypar=\toks17

(/usr/share/texmf-dist/tex/latex/csquotes/csquotes.def
File: csquotes.def 2018/04/13 v5.2d csquotes generic definitions (JAW)
)
Package csquotes Info: Trying to load configuration file 'csquotes.cfg'...
Package csquotes Info: ... configuration file loaded successfully.

(/usr/share/texmf-dist/tex/latex/csquotes/csquotes.cfg
File: csquotes.cfg 
))
(/usr/share/texmf-dist/tex/latex/media9/media9.sty
Package: media9 2019/02/21 v0.96 acrobat-9/X compatible media
\g_mix_pkgresizeflag_int=\count288

(/usr/share/texmf-dist/tex/latex/media9/pdfbase.sty
Package: pdfbase 2019/02/21 v0.27 driver independent access to low-level PDF fe
atures
\g_pbs_page_int=\count289
\g_pbs_obj_int=\count290
\g_pbs_oc_int=\count291
)
(/usr/share/texmf-dist/tex/latex/ocgx2/ocgbase.sty
Package: ocgbase 2018/06/07 v0.14 support package for ocgx2.sty
\g_ocgbase_nd_int=\count292
)
\l_mix_poster_box=\box49
\g_mix_wd_dim=\dimen182
\g_mix_ht_dim=\dimen183
\g_mix_dp_dim=\dimen184
\g_mix_rmcnt_int=\count293
\l_mix_viewcnt_int=\count294
\g@mix@page@int=\count295
\g_mix_resizeflag_int=\count296
\l_mix_lineno_int=\count297
\l_mix_pbtn_box=\box50
\mix@btn@dim=\dimen185
\g_mix_mbtncnt_int=\count298
)

Package fontspec Info: Font family 'NotoSans(0)' created for font 'Noto Sans'
(fontspec)             with options [Ligatures=TeX].
(fontspec)              
(fontspec)              This font family consists of the following NFSS
(fontspec)             series/shapes:
(fontspec)              
(fontspec)             - 'normal' (m/n) with NFSS spec.: <->"Noto
(fontspec)             Sans/OT:script=latn;language=DFLT;mapping=tex-text;"
(fontspec)             - 'small caps'  (m/sc) with NFSS spec.: <->"Noto
(fontspec)             Sans/OT:script=latn;language=DFLT;+smcp;mapping=tex-text
;"
(fontspec)             - 'bold' (bx/n) with NFSS spec.: <->"Noto
(fontspec)             Sans/B/OT:script=latn;language=DFLT;mapping=tex-text;"
(fontspec)             - 'bold small caps'  (bx/sc) with NFSS spec.: <->"Noto
(fontspec)             Sans/B/OT:script=latn;language=DFLT;+smcp;mapping=tex-te
xt;"
(fontspec)             - 'italic' (m/it) with NFSS spec.: <->"Noto
(fontspec)             Sans/I/OT:script=latn;language=DFLT;mapping=tex-text;"
(fontspec)             - 'italic small caps'  (m/itsc) with NFSS spec.:
(fontspec)             <->"Noto
(fontspec)             Sans/I/OT:script=latn;language=DFLT;+smcp;mapping=tex-te
xt;"
(fontspec)             - 'bold italic' (bx/it) with NFSS spec.: <->"Noto
(fontspec)             Sans/BI/OT:script=latn;language=DFLT;mapping=tex-text;"
(fontspec)             - 'bold italic small caps'  (bx/itsc) with NFSS spec.:
(fontspec)             <->"Noto
(fontspec)             Sans/BI/OT:script=latn;language=DFLT;+smcp;mapping=tex-t
ext;"

LaTeX Info: Redefining \rmfamily on input line 31.

Package fontspec Info: Could not resolve font "Noto Sans CJK TC DemiLight/I"
(fontspec)             (it probably doesn't exist).


Package fontspec Info: Font family 'NotoSansCJKTCDemiLight(0)' created for
(fontspec)             font 'Noto Sans CJK TC DemiLight' with options
(fontspec)             [Script={CJK}].
(fontspec)              
(fontspec)              This font family consists of the following NFSS
(fontspec)             series/shapes:
(fontspec)              
(fontspec)             - 'normal' (m/n) with NFSS spec.: <->"Noto Sans CJK TC
(fontspec)             DemiLight/OT:script=hani;language=DFLT;"
(fontspec)             - 'small caps'  (m/sc) with NFSS spec.: 
(fontspec)             - 'bold' (bx/n) with NFSS spec.: <->"Noto Sans CJK TC
(fontspec)             DemiLight/B/OT:script=hani;language=DFLT;"
(fontspec)             - 'bold small caps'  (bx/sc) with NFSS spec.: 
(fontspec)             - 'bold italic' (bx/it) with NFSS spec.: <->"Noto Sans
(fontspec)             CJK TC DemiLight/BI/OT:script=hani;language=DFLT;"
(fontspec)             - 'bold italic small caps'  (bx/itsc) with NFSS spec.: 


(/usr/share/texmf-dist/tex/latex/anysize/anysize.sty
Package: anysize 1994/08/13 setting margin sizes

document style option `anysize' loaded
Michael Salzenberg, Thomas Esser, Dirk Hillbrecht
Version 1.0, Aug 13, 1994
\@Leftmargin=\dimen186
\@Rightmargin=\dimen187
\@Topmargin=\dimen188
\@Bottommargin=\dimen189
) (/usr/share/texmf-dist/tex/latex/titlesec/titletoc.sty
Package: titletoc 2011/12/15 v1.6 TOC entries
\ttl@leftsep=\dimen190
)
(/usr/share/texmf-dist/tex/latex/titlesec/titlesec.sty
Package: titlesec 2016/03/21 v2.10.2 Sectioning titles
\ttl@box=\box51
\beforetitleunit=\skip57
\aftertitleunit=\skip58
\ttl@plus=\dimen191
\ttl@minus=\dimen192
\ttl@toksa=\toks18
\titlewidth=\dimen193
\titlewidthlast=\dimen194
\titlewidthfirst=\dimen195
)
Package csquotes Info: Checking for multilingual support...
Package csquotes Info: ... none found.


LaTeX Warning: Unused global option(s):
    [14pt].

(./hklesson1.aux (./data/intro.aux) (./data/preface.aux) (./data/part1/c01.aux)
(./data/part1/c02.aux) (./data/part1/c03.aux) (./data/part1/c04.aux)
(./data/part1/c05.aux) (./data/part1/c06.aux) (./data/part1/c07.aux)
(./data/part1/c08.aux) (./data/part1/c09.aux) (./data/part1/c10.aux)
(./data/part1/c11.aux) (./data/part1/c12.aux) (./data/part1/c13.aux)
(./data/part2/c14.aux) (./data/part2/c15.aux) (./data/part2/c16.aux)
(./data/part2/c17.aux) (./data/part2/c18.aux) (./data/part2/c19.aux)
(./data/part2/c20.aux) (./data/part2/c21.aux) (./data/part2/c22.aux)
(./data/part2/c23.aux) (./data/part2/c24.aux) (./data/part2/c25.aux)
(./data/part2/c26.aux) (./data/part2/c27.aux) (./data/part2/c28.aux)
(./data/part2/c29.aux) (./data/part2/c30.aux) (./data/part2/c31.aux)
(./data/part3/c32.aux) (./data/part3/c33.aux) (./data/part3/c34.aux)
(./data/part3/c35.aux) (./data/part3/c36.aux) (./data/conclusion.aux))
\openout1 = `hklesson1.aux'.

LaTeX Font Info:    Checking defaults for OML/cmm/m/it on input line 48.
LaTeX Font Info:    ... okay on input line 48.
LaTeX Font Info:    Checking defaults for T1/cmr/m/n on input line 48.
LaTeX Font Info:    ... okay on input line 48.
LaTeX Font Info:    Checking defaults for OT1/cmr/m/n on input line 48.
LaTeX Font Info:    ... okay on input line 48.
LaTeX Font Info:    Checking defaults for OMS/cmsy/m/n on input line 48.
LaTeX Font Info:    ... okay on input line 48.
LaTeX Font Info:    Checking defaults for TU/lmr/m/n on input line 48.
LaTeX Font Info:    ... okay on input line 48.
LaTeX Font Info:    Checking defaults for OMX/cmex/m/n on input line 48.
LaTeX Font Info:    ... okay on input line 48.
LaTeX Font Info:    Checking defaults for U/cmr/m/n on input line 48.
LaTeX Font Info:    ... okay on input line 48.
LaTeX Font Info:    Checking defaults for PD1/pdf/m/n on input line 48.
LaTeX Font Info:    ... okay on input line 48.
LaTeX Font Info:    Checking defaults for PU/pdf/m/n on input line 48.
LaTeX Font Info:    ... okay on input line 48.

Package fontspec Info: Adjusting the maths setup (use [no-math] to avoid
(fontspec)             this).

\symlegacymaths=\mathgroup4
LaTeX Font Info:    Overwriting symbol font `legacymaths' in version `bold'
(Font)                  OT1/cmr/m/n --> OT1/cmr/bx/n on input line 48.
LaTeX Font Info:    Redeclaring math accent \acute on input line 48.
LaTeX Font Info:    Redeclaring math accent \grave on input line 48.
LaTeX Font Info:    Redeclaring math accent \ddot on input line 48.
LaTeX Font Info:    Redeclaring math accent \tilde on input line 48.
LaTeX Font Info:    Redeclaring math accent \bar on input line 48.
LaTeX Font Info:    Redeclaring math accent \breve on input line 48.
LaTeX Font Info:    Redeclaring math accent \check on input line 48.
LaTeX Font Info:    Redeclaring math accent \hat on input line 48.
LaTeX Font Info:    Redeclaring math accent \dot on input line 48.
LaTeX Font Info:    Redeclaring math accent \mathring on input line 48.
LaTeX Font Info:    Redeclaring math symbol \colon on input line 48.
LaTeX Font Info:    Redeclaring math symbol \Gamma on input line 48.
LaTeX Font Info:    Redeclaring math symbol \Delta on input line 48.
LaTeX Font Info:    Redeclaring math symbol \Theta on input line 48.
LaTeX Font Info:    Redeclaring math symbol \Lambda on input line 48.
LaTeX Font Info:    Redeclaring math symbol \Xi on input line 48.
LaTeX Font Info:    Redeclaring math symbol \Pi on input line 48.
LaTeX Font Info:    Redeclaring math symbol \Sigma on input line 48.
LaTeX Font Info:    Redeclaring math symbol \Upsilon on input line 48.
LaTeX Font Info:    Redeclaring math symbol \Phi on input line 48.
LaTeX Font Info:    Redeclaring math symbol \Psi on input line 48.
LaTeX Font Info:    Redeclaring math symbol \Omega on input line 48.
LaTeX Font Info:    Redeclaring math symbol \mathdollar on input line 48.
LaTeX Font Info:    Redeclaring symbol font `operators' on input line 48.
LaTeX Font Info:    Encoding `OT1' has changed to `TU' for symbol font
(Font)              `operators' in the math version `normal' on input line 48.
LaTeX Font Info:    Overwriting symbol font `operators' in version `normal'
(Font)                  OT1/cmr/m/n --> TU/NotoSans(0)/m/n on input line 48.
LaTeX Font Info:    Encoding `OT1' has changed to `TU' for symbol font
(Font)              `operators' in the math version `bold' on input line 48.
LaTeX Font Info:    Overwriting symbol font `operators' in version `bold'
(Font)                  OT1/cmr/bx/n --> TU/NotoSans(0)/m/n on input line 48.
LaTeX Font Info:    Overwriting symbol font `operators' in version `normal'
(Font)                  TU/NotoSans(0)/m/n --> TU/NotoSans(0)/m/n on input line
 48.
LaTeX Font Info:    Overwriting math alphabet `\mathit' in version `normal'
(Font)                  OT1/cmr/m/it --> TU/NotoSans(0)/m/it on input line 48.
LaTeX Font Info:    Overwriting math alphabet `\mathbf' in version `normal'
(Font)                  OT1/cmr/bx/n --> TU/NotoSans(0)/bx/n on input line 48.
LaTeX Font Info:    Overwriting math alphabet `\mathsf' in version `normal'
(Font)                  OT1/cmss/m/n --> TU/lmss/m/n on input line 48.
LaTeX Font Info:    Overwriting math alphabet `\mathtt' in version `normal'
(Font)                  OT1/cmtt/m/n --> TU/lmtt/m/n on input line 48.
LaTeX Font Info:    Overwriting symbol font `operators' in version `bold'
(Font)                  TU/NotoSans(0)/m/n --> TU/NotoSans(0)/bx/n on input lin
e 48.
LaTeX Font Info:    Overwriting math alphabet `\mathit' in version `bold'
(Font)                  OT1/cmr/bx/it --> TU/NotoSans(0)/bx/it on input line 48
.
LaTeX Font Info:    Overwriting math alphabet `\mathsf' in version `bold'
(Font)                  OT1/cmss/bx/n --> TU/lmss/bx/n on input line 48.
LaTeX Font Info:    Overwriting math alphabet `\mathtt' in version `bold'
(Font)                  OT1/cmtt/m/n --> TU/lmtt/bx/n on input line 48.
\AtBeginShipoutBox=\box52

(/usr/share/texmf-dist/tex/latex/graphics/color.sty
Package: color 2016/07/10 v1.1e Standard LaTeX Color (DPC)

(/usr/share/texmf-dist/tex/latex/graphics-cfg/color.cfg
File: color.cfg 2016/01/02 v1.6 sample color configuration
)
Package color Info: Driver file: xetex.def on input line 147.
)
Package hyperref Info: Link coloring ON on input line 48.

(/usr/share/texmf-dist/tex/latex/hyperref/nameref.sty
Package: nameref 2016/05/21 v2.44 Cross-referencing by name of section

(/usr/share/texmf-dist/tex/generic/oberdiek/gettitlestring.sty
Package: gettitlestring 2016/05/16 v1.5 Cleanup title references (HO)
)
\c@section@level=\count299
)
LaTeX Info: Redefining \ref on input line 48.
LaTeX Info: Redefining \pageref on input line 48.
LaTeX Info: Redefining \nameref on input line 48.
Package caption Info: Begin \AtBeginDocument code.
Package caption Info: End \AtBeginDocument code.


LaTeX Font Warning: Font shape `TU/NotoSansCJKTCDemiLight(0)/m/it' undefined
(Font)              using `TU/NotoSansCJKTCDemiLight(0)/m/n' instead on input l
ine 56.

[1

] (./hklesson1.toc
LaTeX Font Info:    External font `cmex10' loaded for size
(Font)              <7> on input line 2.
LaTeX Font Info:    External font `cmex10' loaded for size
(Font)              <5> on input line 2.
 [1

]
Overfull \hbox (1.65997pt too wide) detected at line 31
 []\TU/NotoSans(0)/m/n/10 101
 []


Overfull \hbox (1.65997pt too wide) detected at line 32
 []\TU/NotoSans(0)/m/n/10 104
 []


Overfull \hbox (1.65997pt too wide) detected at line 33
 []\TU/NotoSans(0)/m/n/10 109
 []


Overfull \hbox (1.65997pt too wide) detected at line 35
 []\TU/NotoSans(0)/m/n/10 114
 []


Overfull \hbox (1.65997pt too wide) detected at line 36
 []\TU/NotoSans(0)/m/n/10 118
 []


Overfull \hbox (1.65997pt too wide) detected at line 37
 []\TU/NotoSans(0)/m/n/10 122
 []


Overfull \hbox (1.65997pt too wide) detected at line 38
 []\TU/NotoSans(0)/m/n/10 127
 []


Overfull \hbox (1.65997pt too wide) detected at line 39
 []\TU/NotoSans(0)/m/n/10 130
 []

)
\tf@toc=\write3
\openout3 = `hklesson1.toc'.

 [2]
\openout2 = `data/intro.aux'.

 (./data/intro.tex) [3

]
\openout2 = `data/preface.aux'.

 (./data/preface.tex [4


]) [5]
Chapter 1.
[6


]
\openout2 = `data/part1/c01.aux'.

 (./data/part1/c01.tex
File: ./images/c01/loting.png Graphic file (type bmp)
<./images/c01/loting.png>
 [7

] [8]) [9]
\openout2 = `data/part1/c02.aux'.

 (./data/part1/c02.tex
File: ./images/c02/hkdocumentary.png Graphic file (type bmp)
<./images/c02/hkdocumentary.png>
 [10


]
File: ./images/c02/h-kmuseum-jointdeclaration.png Graphic file (type bmp)
<./images/c02/h-kmuseum-jointdeclaration.png>
 [11] [12])
[13]
\openout2 = `data/part1/c03.aux'.

 (./data/part1/c03.tex [14


]
File: ./images/c03/init-wordcloud.png Graphic file (type bmp)
<./images/c03/init-wordcloud.png>
File: ./images/c03/init-h-kappearance.png Graphic file (type bmp)
<./images/c03/init-h-kappearance.png>
File: ./images/c03/sn-battleof-hk.png Graphic file (type bmp)
<./images/c03/sn-battleof-hk.png>
 [15] [16]) [17]
\openout2 = `data/part1/c04.aux'.

 (./data/part1/c04.tex
File: ./images/c04/h-klesson1-003.png Graphic file (type bmp)
<./images/c04/h-klesson1-003.png>
 [18


]
[19]
File: ./images/c04/h-klesson1-004.png Graphic file (type bmp)
<./images/c04/h-klesson1-004.png>
 [20]) [21]
\openout2 = `data/part1/c05.aux'.

 (./data/part1/c05.tex [22


] [23]) [24]
\openout2 = `data/part1/c06.aux'.

 (./data/part1/c06.tex
File: ./images/c06/condolences.png Graphic file (type bmp)
<./images/c06/condolences.png>

[25


] [26] [27]) [28]
\openout2 = `data/part1/c07.aux'.

 (./data/part1/c07.tex [29


] [30]) [31]
\openout2 = `data/part1/c08.aux'.


(./data/part1/c08.tex
File: ./images/c08/h-klesson1-006.png Graphic file (type bmp)
<./images/c08/h-klesson1-006.png>
 [32


] [33]
File: ./images/c08/h-klesson1-007.png Graphic file (type bmp)
<./images/c08/h-klesson1-007.png>
File: ./images/c08/h-klesson1-008.png Graphic file (type bmp)
<./images/c08/h-klesson1-008.png>
 [34]) [35]
\openout2 = `data/part1/c09.aux'.

 (./data/part1/c09.tex
File: ./images/c09/h-klesson1-009.png Graphic file (type bmp)
<./images/c09/h-klesson1-009.png>
File: ./images/c09/h-klesson1-011.png Graphic file (type bmp)
<./images/c09/h-klesson1-011.png>
File: ./images/c09/h-klesson1-012.png Graphic file (type bmp)
<./images/c09/h-klesson1-012.png>
 [36


] [37]
File: ./images/c09/h-klesson1-010.png Graphic file (type bmp)
<./images/c09/h-klesson1-010.png>

[38] [39]) [40]
\openout2 = `data/part1/c10.aux'.

 (./data/part1/c10.tex
File: ./images/c10/h-klesson1-013.png Graphic file (type bmp)
<./images/c10/h-klesson1-013.png>
 [41


]
File: ./images/c10/h-klesson1-014.png Graphic file (type bmp)
<./images/c10/h-klesson1-014.png>
 [42]) [43]
\openout2 = `data/part1/c11.aux'.

 (./data/part1/c11.tex
File: ./images/c11/h-klesson1-015.png Graphic file (type bmp)
<./images/c11/h-klesson1-015.png>

[44


]
File: ./images/c11/h-klesson1-016.png Graphic file (type bmp)
<./images/c11/h-klesson1-016.png>
 [45]) [46]
\openout2 = `data/part1/c12.aux'.

 (./data/part1/c12.tex [47


]
File: ./images/c12/h-klesson1-017.png Graphic file (type bmp)
<./images/c12/h-klesson1-017.png>
File: ./images/c12/h-klesson1-018.png Graphic file (type bmp)
<./images/c12/h-klesson1-018.png>
 [48]) [49]
\openout2 = `data/part1/c13.aux'.

 (./data/part1/c13.tex
File: ./images/c13/h-klesson1-019.png Graphic file (type bmp)
<./images/c13/h-klesson1-019.png>

[50


]
File: ./images/c13/h-klesson1-020.png Graphic file (type bmp)
<./images/c13/h-klesson1-020.png>
 [51]) [52]
Chapter 2.
[53


]
\openout2 = `data/part2/c14.aux'.

 (./data/part2/c14.tex [54

]) [55]
\openout2 = `data/part2/c15.aux'.

 (./data/part2/c15.tex
File: ./images/c15/h-klesson1-021.png Graphic file (type bmp)
<./images/c15/h-klesson1-021.png>
 [56


]) [57]
\openout2 = `data/part2/c16.aux'.


(./data/part2/c16.tex
File: ./images/c16/h-klesson1-023.png Graphic file (type bmp)
<./images/c16/h-klesson1-023.png>
 [58


]
File: ./images/c16/h-klesson1-022.png Graphic file (type bmp)
<./images/c16/h-klesson1-022.png>
 [59]) [60]
\openout2 = `data/part2/c17.aux'.

 (./data/part2/c17.tex
File: ./images/c17/h-klesson1-024.png Graphic file (type bmp)
<./images/c17/h-klesson1-024.png>
 [61


] [62]) [63]
\openout2 = `data/part2/c18.aux'.


(./data/part2/c18.tex
File: ./images/c18/h-klesson1-025.png Graphic file (type bmp)
<./images/c18/h-klesson1-025.png>
 [64


]
File: ./images/c18/h-klesson1-026.png Graphic file (type bmp)
<./images/c18/h-klesson1-026.png>
 [65]) [66]
\openout2 = `data/part2/c19.aux'.

 (./data/part2/c19.tex
File: ./images/c19/h-klesson1-028.png Graphic file (type bmp)
<./images/c19/h-klesson1-028.png>
 [67


]
File: ./images/c19/h-klesson1-030.png Graphic file (type bmp)
<./images/c19/h-klesson1-030.png>
 [68]
File: ./images/c19/h-klesson1-031.png Graphic file (type bmp)
<./images/c19/h-klesson1-031.png>
 [69])
[70]
\openout2 = `data/part2/c20.aux'.

 (./data/part2/c20.tex
File: ./images/c20/h-klesson1-032.png Graphic file (type bmp)
<./images/c20/h-klesson1-032.png>
 [71


] [72] [73]) [74]
\openout2 = `data/part2/c21.aux'.

 (./data/part2/c21.tex
File: ./images/c21/h-klesson1-033.png Graphic file (type bmp)
<./images/c21/h-klesson1-033.png>
 [75


]
[76]
File: ./images/c21/h-klesson1-034.png Graphic file (type bmp)
<./images/c21/h-klesson1-034.png>
 [77]) [78]
\openout2 = `data/part2/c22.aux'.

 (./data/part2/c22.tex
File: ./images/c22/h-klesson1-035.png Graphic file (type bmp)
<./images/c22/h-klesson1-035.png>
 [79


]
File: ./images/c22/h-klesson1-036.png Graphic file (type bmp)
<./images/c22/h-klesson1-036.png>
 [80]
File: ./images/c22/h-klesson1-037.png Graphic file (type bmp)
<./images/c22/h-klesson1-037.png>
 [81]) [82]
\openout2 = `data/part2/c23.aux'.


(./data/part2/c23.tex [83


]
File: ./images/c23/h-klesson1-038.png Graphic file (type bmp)
<./images/c23/h-klesson1-038.png>
File: ./images/c23/h-klesson1-039.png Graphic file (type bmp)
<./images/c23/h-klesson1-039.png>
 [84]) [85]
\openout2 = `data/part2/c24.aux'.

 (./data/part2/c24.tex [86


]
File: ./images/c24/h-klesson1-040.png Graphic file (type bmp)
<./images/c24/h-klesson1-040.png>
 [87]) [88]
\openout2 = `data/part2/c25.aux'.


(./data/part2/c25.tex [89


]
File: ./images/c25/h-klesson1-041.png Graphic file (type bmp)
<./images/c25/h-klesson1-041.png>
 [90] [91]) [92]
\openout2 = `data/part2/c26.aux'.

 (./data/part2/c26.tex [93


]
File: ./images/c26/h-klesson1-042.png Graphic file (type bmp)
<./images/c26/h-klesson1-042.png>
File: ./images/c26/h-klesson1-043.png Graphic file (type bmp)
<./images/c26/h-klesson1-043.png>
 [94])
[95]
\openout2 = `data/part2/c27.aux'.

 (./data/part2/c27.tex
File: ./images/c27/h-klesson1-044.png Graphic file (type bmp)
<./images/c27/h-klesson1-044.png>
 [96


]) [97]
\openout2 = `data/part2/c28.aux'.

 (./data/part2/c28.tex [98


]
File: ./images/c28/h-klesson1-045.png Graphic file (type bmp)
<./images/c28/h-klesson1-045.png>
 [99]) [100]
\openout2 = `data/part2/c29.aux'.


(./data/part2/c29.tex
File: ./images/c29/h-klesson1-046.png Graphic file (type bmp)
<./images/c29/h-klesson1-046.png>
 [101


] [102]) [103]
\openout2 = `data/part2/c30.aux'.

 (./data/part2/c30.tex
File: ./images/c30/h-klesson1-047.png Graphic file (type bmp)
<./images/c30/h-klesson1-047.png>
 [104


] [105]
File: ./images/c30/h-klesson1-048.png Graphic file (type bmp)
<./images/c30/h-klesson1-048.png>

[106] [107]) [108]
\openout2 = `data/part2/c31.aux'.

 (./data/part2/c31.tex
File: ./images/c31/h-klesson1-049.png Graphic file (type bmp)
<./images/c31/h-klesson1-049.png>
 [109


] [110]
File: ./images/c31/h-klesson1-050.png Graphic file (type bmp)
<./images/c31/h-klesson1-050.png>
 [111]) [112]
Chapter 3.
[113


]
\openout2 = `data/part3/c32.aux'.

 (./data/part3/c32.tex
File: ./images/c32/h-klesson1-051.png Graphic file (type bmp)
<./images/c32/h-klesson1-051.png>
 [114

]
File: ./images/c32/h-klesson1-052.png Graphic file (type bmp)
<./images/c32/h-klesson1-052.png>
 [115] [116]) [117]
\openout2 = `data/part3/c33.aux'.

 (./data/part3/c33.tex
[118


]
File: ./images/c33/h-klesson1-054.png Graphic file (type bmp)
<./images/c33/h-klesson1-054.png>
File: ./images/c33/h-klesson1-053.png Graphic file (type bmp)
<./images/c33/h-klesson1-053.png>
 [119] [120]
File: ./images/c33/h-klesson1-055.png Graphic file (type bmp)
<./images/c33/h-klesson1-055.png>

Overfull \hbox (20.8146pt too wide) in paragraph at lines 59--60
\TU/NotoSans(0)/m/n/10 mocratization under Chinese sovereignty, 1997 |\TU/NotoS
ansCJKTCDemiLight(0)/m/it/10 –| \TU/NotoSans(0)/m/n/10 2016, \TU/NotoSans(0)/m/
it/10 Democratization \TU/NotoSans(0)/m/n/10 DOI: 10.1080/13510347.2016.1232249
 
 []

) [121]
\openout2 = `data/part3/c34.aux'.

 (./data/part3/c34.tex [122


]
File: ./images/c34/h-klesson1-056.png Graphic file (type bmp)
<./images/c34/h-klesson1-056.png>
 [123] [124]
File: ./images/c34/h-klesson1-057.png Graphic file (type bmp)
<./images/c34/h-klesson1-057.png>
) [125] [126]
\openout2 = `data/part3/c35.aux'.


(./data/part3/c35.tex [127


] [128]) [129]
\openout2 = `data/part3/c36.aux'.

 (./data/part3/c36.tex [130


] [131])
[132]
\openout2 = `data/conclusion.aux'.

 (./data/conclusion.tex
Chapter 4.
[133



] [134]) [135]
Package atveryend Info: Empty hook `BeforeClearDocument' on input line 200.
Package atveryend Info: Empty hook `AfterLastShipout' on input line 200.
 (./hklesson1.aux (./data/intro.aux) (./data/preface.aux)
(./data/part1/c01.aux) (./data/part1/c02.aux) (./data/part1/c03.aux)
(./data/part1/c04.aux) (./data/part1/c05.aux) (./data/part1/c06.aux)
(./data/part1/c07.aux) (./data/part1/c08.aux) (./data/part1/c09.aux)
(./data/part1/c10.aux) (./data/part1/c11.aux) (./data/part1/c12.aux)
(./data/part1/c13.aux) (./data/part2/c14.aux) (./data/part2/c15.aux)
(./data/part2/c16.aux) (./data/part2/c17.aux) (./data/part2/c18.aux)
(./data/part2/c19.aux) (./data/part2/c20.aux) (./data/part2/c21.aux)
(./data/part2/c22.aux) (./data/part2/c23.aux) (./data/part2/c24.aux)
(./data/part2/c25.aux) (./data/part2/c26.aux) (./data/part2/c27.aux)
(./data/part2/c28.aux) (./data/part2/c29.aux) (./data/part2/c30.aux)
(./data/part2/c31.aux) (./data/part3/c32.aux) (./data/part3/c33.aux)
(./data/part3/c34.aux) (./data/part3/c35.aux) (./data/part3/c36.aux)
(./data/conclusion.aux))
Package atveryend Info: Empty hook `AtVeryEndDocument' on input line 200.
Package atveryend Info: Empty hook `AtEndAfterFileList' on input line 200.


LaTeX Font Warning: Some font shapes were not available, defaults substituted.

Package atveryend Info: Empty hook `AtVeryVeryEnd' on input line 200.
 ) 
Here is how much of TeX's memory you used:
 25659 strings out of 492922
 562219 string characters out of 6138851
 631564 words of memory out of 5000000
 29105 multiletter control sequences out of 15000+600000
 532986 words of font info for 61 fonts, out of 8000000 for 9000
 1348 hyphenation exceptions out of 8191
 43i,6n,79p,914b,446s stack positions out of 5000i,500n,10000p,200000b,80000s

Output written on hklesson1.pdf (136 pages).
